<?xml version="1.0" encoding="UTF-8"?>
<testng-results ignored="0" total="1" passed="1" failed="0" skipped="0">
  <reporter-output>
  </reporter-output>
  <suite started-at="2021-11-15T04:41:57Z" name="Default suite" finished-at="2021-11-15T04:42:05Z" duration-ms="8356">
    <groups>
    </groups>
    <test started-at="2021-11-15T04:41:57Z" name="Default test" finished-at="2021-11-15T04:42:05Z" duration-ms="8356">
      <class name="testCases.TestGoogleSearch">
        <test-method signature="GoogleSearch()[pri:0, instance:testCases.TestGoogleSearch@6892b3b6]" started-at="2021-11-15T04:41:57Z" name="GoogleSearch" finished-at="2021-11-15T04:42:05Z" duration-ms="8340" status="PASS">
          <reporter-output>
          </reporter-output>
        </test-method> <!-- GoogleSearch -->
      </class> <!-- testCases.TestGoogleSearch -->
    </test> <!-- Default test -->
  </suite> <!-- Default suite -->
</testng-results>
